<?xml version="1.0" encoding="UTF-8"?>
<testsuite name="invadem.BarrierTest" tests="16" skipped="0" failures="0" errors="0" timestamp="2019-11-26T14:05:45" hostname="Thaos-MacBook-Pro.local" time="0.042">
  <properties/>
  <testcase name="testBarrierDestroyed" classname="invadem.BarrierTest" time="0.005"/>
  <testcase name="testRemoveDeadComponents" classname="invadem.BarrierTest" time="0.0"/>
  <testcase name="testSetBarrierSprites" classname="invadem.BarrierTest" time="0.0"/>
  <testcase name="testInteractionWithBullets" classname="invadem.BarrierTest" time="0.0"/>
  <testcase name="testBarrierConstruction" classname="invadem.BarrierTest" time="0.0"/>
  <testcase name="testBarrieNotDestroyed" classname="invadem.BarrierTest" time="0.0"/>
  <testcase name="testBarrierGetHealth" classname="invadem.BarrierTest" time="0.0"/>
  <testcase name="testBarrierCheckCollision" classname="invadem.BarrierTest" time="0.001"/>
  <testcase name="testBarrierDestroyed" classname="invadem.BarrierTest" time="0.0"/>
  <testcase name="testRemoveDeadComponents" classname="invadem.BarrierTest" time="0.0"/>
  <testcase name="testSetBarrierSprites" classname="invadem.BarrierTest" time="0.0"/>
  <testcase name="testInteractionWithBullets" classname="invadem.BarrierTest" time="0.0"/>
  <testcase name="testBarrierConstruction" classname="invadem.BarrierTest" time="0.0"/>
  <testcase name="testBarrieNotDestroyed" classname="invadem.BarrierTest" time="0.0"/>
  <testcase name="testBarrierGetHealth" classname="invadem.BarrierTest" time="0.0"/>
  <testcase name="testBarrierCheckCollision" classname="invadem.BarrierTest" time="0.0"/>
  <system-out><![CDATA[]]></system-out>
  <system-err><![CDATA[]]></system-err>
</testsuite>
