<?xml version="1.0" encoding="UTF-8"?>
<testsuite name="invadem.BarrierTest" tests="8" skipped="0" failures="0" errors="0" timestamp="2019-11-11T14:44:43" hostname="Thaos-MacBook-Pro.local" time="0.002">
  <properties/>
  <testcase name="testBarrierDestroyed" classname="invadem.BarrierTest" time="0.0"/>
  <testcase name="testRemoveDeadComponents" classname="invadem.BarrierTest" time="0.0"/>
  <testcase name="testSetBarrierSprites" classname="invadem.BarrierTest" time="0.0"/>
  <testcase name="testInteractionWithBullets" classname="invadem.BarrierTest" time="0.0"/>
  <testcase name="testBarrierConstruction" classname="invadem.BarrierTest" time="0.0"/>
  <testcase name="testBarrieNotDestroyed" classname="invadem.BarrierTest" time="0.0"/>
  <testcase name="testBarrierGetHealth" classname="invadem.BarrierTest" time="0.0"/>
  <testcase name="testBarrierCheckCollision" classname="invadem.BarrierTest" time="0.0"/>
  <system-out><![CDATA[]]></system-out>
  <system-err><![CDATA[]]></system-err>
</testsuite>
